<?xml version="1.0" encoding="UTF-8"?>
<testsuite name="com.example.visualock.ExampleUnitTest" tests="1" skipped="0" failures="0" errors="0" timestamp="2024-03-04T00:47:40" hostname="Steven-MBP.attlocal.net" time="0.001">
  <properties/>
  <testcase name="addition_isCorrect" classname="com.example.visualock.ExampleUnitTest" time="0.001"/>
  <system-out><![CDATA[]]></system-out>
  <system-err><![CDATA[]]></system-err>
</testsuite>
